<?xml version="1.0" encoding="UTF-8"?>
<!-- Generated by org.testng.reporters.JUnitXMLReporter -->
<testsuite hostname="NISL" ignored="0" name="Valid Login and Login Validation" tests="8" failures="0" timestamp="03 Sep 2020 05:04:16 GMT" time="113.937" errors="0">
  <testcase name="verifyTitle" time="6.179" classname="com.demo.login.testcases.LoginPageTest"/>
  <testcase name="loginWithoutEnteringPassword" time="7.726" classname="com.demo.login.testcases.LoginPageTest"/>
  <testcase name="verifyDisableLoginButtonColor" time="2.18" classname="com.demo.login.testcases.LoginPageTest"/>
  <testcase name="verifyenbleLoginButtonColor" time="4.27" classname="com.demo.login.testcases.LoginPageTest"/>
  <testcase name="loginByEnteringInvalidUserId" time="5.877" classname="com.demo.login.testcases.LoginPageTest"/>
  <testcase name="loginByEnteringInvalidPassword" time="8.17" classname="com.demo.login.testcases.LoginPageTest"/>
  <testcase name="loginByWithoutEnteringPassword" time="5.651" classname="com.demo.login.testcases.LoginPageTest"/>
  <testcase name="validLogin" time="19.772" classname="com.demo.login.testcases.LoginPageTest"/>
</testsuite> <!-- Valid Login and Login Validation -->
